<?xml version="1.0" encoding="UTF-8"?>
<testng-results ignored="0" total="1" passed="1" failed="0" skipped="0">
  <reporter-output>
  </reporter-output>
  <suite started-at="2022-04-13T16:23:29 IST" name="demo.LoginApp_Test" finished-at="2022-04-13T16:23:36 IST" duration-ms="7422">
    <groups>
    </groups>
    <test started-at="2022-04-13T16:23:29 IST" name="Command line test" finished-at="2022-04-13T16:23:36 IST" duration-ms="7422">
      <class name="demo.LoginApp_Test">
        <test-method is-config="true" signature="beforeClass()[pri:0, instance:demo.LoginApp_Test@70a9f84e]" started-at="2022-04-13T16:23:29 IST" name="beforeClass" finished-at="2022-04-13T16:23:33 IST" duration-ms="3926" status="PASS">
          <reporter-output>
          </reporter-output>
        </test-method> <!-- beforeClass -->
        <test-method signature="testLogin()[pri:0, instance:demo.LoginApp_Test@70a9f84e]" started-at="2022-04-13T16:23:33 IST" name="testLogin" finished-at="2022-04-13T16:23:36 IST" duration-ms="3404" status="PASS">
          <reporter-output>
          </reporter-output>
        </test-method> <!-- testLogin -->
        <test-method is-config="true" signature="afterClass()[pri:0, instance:demo.LoginApp_Test@70a9f84e]" started-at="2022-04-13T16:23:36 IST" name="afterClass" finished-at="2022-04-13T16:23:36 IST" duration-ms="71" status="PASS">
          <reporter-output>
          </reporter-output>
        </test-method> <!-- afterClass -->
      </class> <!-- demo.LoginApp_Test -->
    </test> <!-- Command line test -->
  </suite> <!-- demo.LoginApp_Test -->
</testng-results>
