<?xml version="1.0" encoding="UTF-8"?>
<testng-results ignored="0" total="1" passed="1" failed="0" skipped="0">
  <reporter-output>
  </reporter-output>
  <suite started-at="2022-04-13T23:23:50 IST" name="Default suite" finished-at="2022-04-13T23:24:01 IST" duration-ms="10678">
    <groups>
    </groups>
    <test started-at="2022-04-13T23:23:50 IST" name="Default test" finished-at="2022-04-13T23:24:01 IST" duration-ms="10678">
      <class name="demo.LoginApp_Test">
        <test-method is-config="true" signature="beforeClass()[pri:0, instance:demo.LoginApp_Test@1817d444]" started-at="2022-04-13T23:23:50 IST" name="beforeClass" finished-at="2022-04-13T23:23:56 IST" duration-ms="6363" status="PASS">
          <reporter-output>
          </reporter-output>
        </test-method> <!-- beforeClass -->
        <test-method signature="testLogin()[pri:0, instance:demo.LoginApp_Test@1817d444]" started-at="2022-04-13T23:23:56 IST" name="testLogin" finished-at="2022-04-13T23:24:01 IST" duration-ms="4202" status="PASS">
          <reporter-output>
          </reporter-output>
        </test-method> <!-- testLogin -->
        <test-method is-config="true" signature="afterClass()[pri:0, instance:demo.LoginApp_Test@1817d444]" started-at="2022-04-13T23:24:01 IST" name="afterClass" finished-at="2022-04-13T23:24:01 IST" duration-ms="69" status="PASS">
          <reporter-output>
          </reporter-output>
        </test-method> <!-- afterClass -->
      </class> <!-- demo.LoginApp_Test -->
    </test> <!-- Default test -->
  </suite> <!-- Default suite -->
</testng-results>
